<?xml version="1.0" encoding="UTF-8"?>
<!-- Generated by org.testng.reporters.JUnitXMLReporter -->
<testsuite hostname="Win7x64" ignored="0" name="ActiTime App Test Cases" tests="3" failures="1" timestamp="19 May 2020 14:08:49 GMT" time="75.114" errors="0">
  <testcase name="loginPageTitleTest" time="0.138" classname="com.acti.aq.testcasess.LoginPageTest">
    <failure type="java.lang.AssertionError" message="expected [ctiTIME - Login] but found [actiTIME - Login]">
      <![CDATA[java.lang.AssertionError: expected [ctiTIME - Login] but found [actiTIME - Login]
at com.acti.aq.testcasess.LoginPageTest.loginPageTitleTest(LoginPageTest.java:35)
... Removed 31 stack frames]]>
    </failure>
  </testcase> <!-- loginPageTitleTest -->
  <testcase name="ActiLogoImageTest" time="0.743" classname="com.acti.aq.testcasess.LoginPageTest"/>
  <testcase name="loginTest" time="1.356" classname="com.acti.aq.testcasess.LoginPageTest"/>
</testsuite> <!-- ActiTime App Test Cases -->
