<?xml version="1.0" encoding="UTF-8"?>
<testsuite xmlns:xsi="http://www.w3.org/2001/XMLSchema-instance" xsi:schemaLocation="https://maven.apache.org/surefire/maven-surefire-plugin/xsd/surefire-test-report.xsd" name="TestSuite" time="132.95" tests="14" errors="0" skipped="6" failures="4">
  <properties>
    <property name="java.runtime.name" value="Java(TM) SE Runtime Environment"/>
    <property name="sun.boot.library.path" value="C:\Program Files\Java\jdk1.8.0_231\jre\bin"/>
    <property name="java.vm.version" value="25.231-b11"/>
    <property name="java.vm.vendor" value="Oracle Corporation"/>
    <property name="maven.multiModuleProjectDirectory" value="C:\Users\User\.jenkins\workspace\JenkinsMavenProject"/>
    <property name="java.vendor.url" value="http://java.oracle.com/"/>
    <property name="path.separator" value=";"/>
    <property name="guice.disable.misplaced.annotation.check" value="true"/>
    <property name="java.vm.name" value="Java HotSpot(TM) 64-Bit Server VM"/>
    <property name="file.encoding.pkg" value="sun.io"/>
    <property name="user.script" value=""/>
    <property name="user.country" value="IN"/>
    <property name="sun.java.launcher" value="SUN_STANDARD"/>
    <property name="sun.os.patch.level" value=""/>
    <property name="java.vm.specification.name" value="Java Virtual Machine Specification"/>
    <property name="user.dir" value="E:\"/>
    <property name="java.runtime.version" value="1.8.0_231-b11"/>
    <property name="java.awt.graphicsenv" value="sun.awt.Win32GraphicsEnvironment"/>
    <property name="java.endorsed.dirs" value="C:\Program Files\Java\jdk1.8.0_231\jre\lib\endorsed"/>
    <property name="os.arch" value="amd64"/>
    <property name="java.io.tmpdir" value="C:\Users\User\AppData\Local\Temp\"/>
    <property name="line.separator" value="&#10;"/>
    <property name="java.vm.specification.vendor" value="Oracle Corporation"/>
    <property name="user.variant" value=""/>
    <property name="os.name" value="Windows 10"/>
    <property name="classworlds.conf" value="C:\Users\User\.jenkins\tools\hudson.tasks.Maven_MavenInstallation\E_SOFTWARES_MAVEN_maven\bin\..\bin\m2.conf"/>
    <property name="sun.jnu.encoding" value="Cp1252"/>
    <property name="java.library.path" value="C:\Program Files\Java\jdk1.8.0_231\bin;C:\WINDOWS\Sun\Java\bin;C:\WINDOWS\system32;C:\WINDOWS;C:\Users\User\.jenkins\tools\hudson.tasks.Maven_MavenInstallation\E_SOFTWARES_MAVEN_maven/bin;C:\oraclexe\app\oracle\product\10.2.0\server\bin;C:\Program Files (x86)\Common Files\Oracle\Java\javapath;C:\Program Files (x86)\AMD APP\bin\x86_64;C:\Program Files (x86)\AMD APP\bin\x86;C:\Program Files\Dell\DW WLAN Card;C:\Program Files (x86)\Intel\iCLS Client\;C:\Program Files\Intel\iCLS Client\;C:\ProgramData\Oracle\Java\javapath;C:\WINDOWS\system32;C:\WINDOWS;C:\WINDOWS\System32\Wbem;C:\WINDOWS\System32\WindowsPowerShell\v1.0\;C:\Program Files\Intel\Intel(R) Management Engine Components\DAL;C:\Program Files\Intel\Intel(R) Management Engine Components\IPT;C:\Program Files (x86)\Intel\Intel(R) Management Engine Components\DAL;C:\Program Files (x86)\Intel\Intel(R) Management Engine Components\IPT;C:\Program Files\WIDCOMM\Bluetooth Software\;C:\Program Files\WIDCOMM\Bluetooth Software\syswow64;C:\Program Files (x86)\ATI Technologies\ATI.ACE\Core-Static;C:\Program Files (x86)\Intel\OpenCL SDK\2.0\bin\x86;C:\Program Files (x86)\Intel\OpenCL SDK\2.0\bin\x64;C:\Program Files\Common Files\Autodesk Shared\;C:\Program Files\Git\cmd;C:\Program Files\Git\mingw64\bin;C:\Program Files\Git\usr\bin;C:\WINDOWS\System32\OpenSSH\;C:\Program Files\Java\jdk1.8.0_231\bin;E:\SOFTWARES\MAVEN\maven\bin;C:\Users\User\AppData\Local\Android\Sdk\platform-tools;C:\Users\User\AppData\Local\Android\Sdk\tools;C:\Program Files\nodejs\;C:\Users\User\AppData\Local\Programs\Python\Python38-32\Scripts\;C:\Users\User\AppData\Local\Programs\Python\Python38-32\;C:\Users\User\AppData\Local\Programs\Microsoft VS Code\bin;C:\Program Files\Java\jdk1.8.0_231\bin;C:\Users\User\AppData\Local\Microsoft\WindowsApps;C:\Users\User\AppData\Roaming\npm;."/>
    <property name="maven.conf" value="C:\Users\User\.jenkins\tools\hudson.tasks.Maven_MavenInstallation\E_SOFTWARES_MAVEN_maven\bin\../conf"/>
    <property name="java.specification.name" value="Java Platform API Specification"/>
    <property name="java.class.version" value="52.0"/>
    <property name="sun.management.compiler" value="HotSpot 64-Bit Tiered Compilers"/>
    <property name="os.version" value="10.0"/>
    <property name="library.jansi.path" value="C:\Users\User\.jenkins\tools\hudson.tasks.Maven_MavenInstallation\E_SOFTWARES_MAVEN_maven\bin\..\lib\jansi-native"/>
    <property name="user.home" value="C:\Users\User"/>
    <property name="user.timezone" value="Asia/Calcutta"/>
    <property name="java.awt.printerjob" value="sun.awt.windows.WPrinterJob"/>
    <property name="java.specification.version" value="1.8"/>
    <property name="file.encoding" value="Cp1252"/>
    <property name="user.name" value="User"/>
    <property name="java.class.path" value="C:\Users\User\.jenkins\tools\hudson.tasks.Maven_MavenInstallation\E_SOFTWARES_MAVEN_maven\bin\..\boot\plexus-classworlds-2.6.0.jar"/>
    <property name="java.vm.specification.version" value="1.8"/>
    <property name="sun.arch.data.model" value="64"/>
    <property name="java.home" value="C:\Program Files\Java\jdk1.8.0_231\jre"/>
    <property name="sun.java.command" value="org.codehaus.plexus.classworlds.launcher.Launcher -f E:\ECLIPS_NOVEMBER_2019\Automation\Hybrid_Framework\pom.xml test"/>
    <property name="java.specification.vendor" value="Oracle Corporation"/>
    <property name="user.language" value="en"/>
    <property name="awt.toolkit" value="sun.awt.windows.WToolkit"/>
    <property name="java.vm.info" value="mixed mode"/>
    <property name="java.version" value="1.8.0_231"/>
    <property name="java.ext.dirs" value="C:\Program Files\Java\jdk1.8.0_231\jre\lib\ext;C:\WINDOWS\Sun\Java\lib\ext"/>
    <property name="sun.boot.class.path" value="C:\Program Files\Java\jdk1.8.0_231\jre\lib\resources.jar;C:\Program Files\Java\jdk1.8.0_231\jre\lib\rt.jar;C:\Program Files\Java\jdk1.8.0_231\jre\lib\sunrsasign.jar;C:\Program Files\Java\jdk1.8.0_231\jre\lib\jsse.jar;C:\Program Files\Java\jdk1.8.0_231\jre\lib\jce.jar;C:\Program Files\Java\jdk1.8.0_231\jre\lib\charsets.jar;C:\Program Files\Java\jdk1.8.0_231\jre\lib\jfr.jar;C:\Program Files\Java\jdk1.8.0_231\jre\classes"/>
    <property name="java.vendor" value="Oracle Corporation"/>
    <property name="maven.home" value="C:\Users\User\.jenkins\tools\hudson.tasks.Maven_MavenInstallation\E_SOFTWARES_MAVEN_maven\bin\.."/>
    <property name="file.separator" value="\"/>
    <property name="java.vendor.url.bug" value="http://bugreport.sun.com/bugreport/"/>
    <property name="sun.cpu.endian" value="little"/>
    <property name="sun.io.unicode.encoding" value="UnicodeLittle"/>
    <property name="sun.desktop" value="windows"/>
    <property name="sun.cpu.isalist" value="amd64"/>
  </properties>
  <testcase name="verifyHomePageTitleTest" classname="com.acti.aq.testcasess.HomePageTest" time="3.27">
    <failure message="Home page title not matched expected [ Enter Time-Track] but found []" type="java.lang.AssertionError">java.lang.AssertionError: Home page title not matched expected [ Enter Time-Track] but found []
	at com.acti.aq.testcasess.HomePageTest.verifyHomePageTitleTest(HomePageTest.java:47)
</failure>
    <system-out><![CDATA[Before navigating to: 'http://localhost/login.do'
Navigated to:'http://localhost/login.do'
Trying to find Element By : By.name: username
Found Element By : By.name: username
Trying to find Element By : By.name: pwd
Found Element By : By.name: pwd
Trying to find Element By : By.xpath: //a[@id= 'loginButton']
Found Element By : By.xpath: //a[@id= 'loginButton']
Trying to click on: [[ChromeDriver: chrome on WINDOWS (5f52671c038ac6b59f3717ab2f35f07b)] -> xpath: //a[@id= 'loginButton']]
Clicked on: [[ChromeDriver: chrome on WINDOWS (5f52671c038ac6b59f3717ab2f35f07b)] -> xpath: //a[@id= 'loginButton']]
]]></system-out>
    <system-err><![CDATA[Starting ChromeDriver 83.0.4103.39 (ccbf011cb2d2b19b506d844400483861342c20cd-refs/branch-heads/4103@{#416}) on port 27424
Only local connections are allowed.
Please see https://chromedriver.chromium.org/security-considerations for suggestions on keeping ChromeDriver safe.
ChromeDriver was started successfully.
Jul 14, 2020 11:41:17 AM org.openqa.selenium.remote.ProtocolHandshake createSession
INFO: Detected dialect: W3C
]]></system-err>
  </testcase>
  <testcase name="tearDown" classname="com.acti.aq.testcasess.HomePageTest" time="3.275">
    <failure message="org.openqa.selenium.support.events.EventFiringWebDriver cannot be cast to org.testng.ITestResult" type="java.lang.ClassCastException">java.lang.ClassCastException: org.openqa.selenium.support.events.EventFiringWebDriver cannot be cast to org.testng.ITestResult
	at com.acti.aq.testcasess.HomePageTest.tearDown(HomePageTest.java:64)
</failure>
  </testcase>
  <testcase name="tearDown" classname="com.acti.aq.testcasess.HomePageTest" time="0">
    <skipped/>
  </testcase>
  <testcase name="tearDown" classname="com.acti.aq.testcasess.HomePageTest" time="0">
    <skipped/>
  </testcase>
  <testcase name="loginPageTitleTest" classname="com.acti.aq.testcasess.LoginPageTest" time="0.022">
    <failure message="expected [ctiTIME - Login] but found [actiTIME - Login]" type="java.lang.AssertionError">java.lang.AssertionError: expected [ctiTIME - Login] but found [actiTIME - Login]
	at com.acti.aq.testcasess.LoginPageTest.loginPageTitleTest(LoginPageTest.java:35)
</failure>
    <system-out><![CDATA[Before navigating to: 'http://localhost/login.do'
Navigated to:'http://localhost/login.do'
 INFO [main] (LoginPageTest.java:29)- ******************Loginpage opens*******************
]]></system-out>
    <system-err><![CDATA[Starting ChromeDriver 83.0.4103.39 (ccbf011cb2d2b19b506d844400483861342c20cd-refs/branch-heads/4103@{#416}) on port 39671
Only local connections are allowed.
Please see https://chromedriver.chromium.org/security-considerations for suggestions on keeping ChromeDriver safe.
ChromeDriver was started successfully.
Jul 14, 2020 11:41:35 AM org.openqa.selenium.remote.ProtocolHandshake createSession
INFO: Detected dialect: W3C
]]></system-err>
  </testcase>
  <testcase name="verifyTaskPageTitleTest" classname="com.acti.aq.testcasess.TaskPageTest" time="0.027"/>
  <testcase name="setUp" classname="com.acti.aq.testcasess.HomePageTest" time="0">
    <skipped/>
  </testcase>
  <testcase name="setUp" classname="com.acti.aq.testcasess.HomePageTest" time="0">
    <skipped/>
  </testcase>
  <testcase name="ShorcutwindowTest" classname="com.acti.aq.testcasess.HomePageTest" time="0">
    <skipped message="org.openqa.selenium.support.events.EventFiringWebDriver cannot be cast to org.testng.ITestResult"/>
  </testcase>
  <testcase name="ActiLogoImageTest" classname="com.acti.aq.testcasess.LoginPageTest" time="0.677"/>
  <testcase name="createTask" classname="com.acti.aq.testcasess.TaskPageTest" time="21.178">
    <failure message="no such element: Unable to locate element: {&quot;method&quot;:&quot;xpath&quot;,&quot;selector&quot;:&quot;//*[@id=&quot;ext-gen598&quot;]&quot;}&#10;  (Session info: chrome=83.0.4103.116)&#10;For documentation on this error, please visit: https://www.seleniumhq.org/exceptions/no_such_element.html&#10;Build info: version: &apos;3.141.59&apos;, revision: &apos;e82be7d358&apos;, time: &apos;2018-11-14T08:17:03&apos;&#10;System info: host: &apos;WIN7X64&apos;, ip: &apos;192.168.43.168&apos;, os.name: &apos;Windows 10&apos;, os.arch: &apos;amd64&apos;, os.version: &apos;10.0&apos;, java.version: &apos;1.8.0_231&apos;&#10;Driver info: org.openqa.selenium.chrome.ChromeDriver&#10;Capabilities {acceptInsecureCerts: false, browserName: chrome, browserVersion: 83.0.4103.116, chrome: {chromedriverVersion: 83.0.4103.39 (ccbf011cb2d2b..., userDataDir: C:\Users\User\AppData\Local...}, goog:chromeOptions: {debuggerAddress: localhost:54049}, javascriptEnabled: true, networkConnectionEnabled: false, pageLoadStrategy: normal, platform: WINDOWS, platformName: WINDOWS, proxy: Proxy(), setWindowRect: true, strictFileInteractability: false, timeouts: {implicit: 0, pageLoad: 300000, script: 30000}, unhandledPromptBehavior: dismiss and notify, webauthn:virtualAuthenticators: true}&#10;Session ID: 55ff9f560d48f1128a44e09af3d19506&#10;*** Element info: {Using=xpath, value=//*[@id=&quot;ext-gen598&quot;]}" type="org.openqa.selenium.NoSuchElementException">org.openqa.selenium.NoSuchElementException: 
no such element: Unable to locate element: {"method":"xpath","selector":"//*[@id="ext-gen598"]"}
  (Session info: chrome=83.0.4103.116)
For documentation on this error, please visit: https://www.seleniumhq.org/exceptions/no_such_element.html
Build info: version: '3.141.59', revision: 'e82be7d358', time: '2018-11-14T08:17:03'
System info: host: 'WIN7X64', ip: '192.168.43.168', os.name: 'Windows 10', os.arch: 'amd64', os.version: '10.0', java.version: '1.8.0_231'
Driver info: org.openqa.selenium.chrome.ChromeDriver
Capabilities {acceptInsecureCerts: false, browserName: chrome, browserVersion: 83.0.4103.116, chrome: {chromedriverVersion: 83.0.4103.39 (ccbf011cb2d2b..., userDataDir: C:\Users\User\AppData\Local...}, goog:chromeOptions: {debuggerAddress: localhost:54049}, javascriptEnabled: true, networkConnectionEnabled: false, pageLoadStrategy: normal, platform: WINDOWS, platformName: WINDOWS, proxy: Proxy(), setWindowRect: true, strictFileInteractability: false, timeouts: {implicit: 0, pageLoad: 300000, script: 30000}, unhandledPromptBehavior: dismiss and notify, webauthn:virtualAuthenticators: true}
Session ID: 55ff9f560d48f1128a44e09af3d19506
*** Element info: {Using=xpath, value=//*[@id="ext-gen598"]}
	at com.acti.aq.testcasess.TaskPageTest.createTask(TaskPageTest.java:49)
</failure>
    <system-out><![CDATA[Before navigating to: 'http://localhost/login.do'
Navigated to:'http://localhost/login.do'
Trying to find Element By : By.name: username
Found Element By : By.name: username
Trying to find Element By : By.name: pwd
Found Element By : By.name: pwd
Trying to find Element By : By.xpath: //a[@id= 'loginButton']
Found Element By : By.xpath: //a[@id= 'loginButton']
Trying to click on: [[ChromeDriver: chrome on WINDOWS (55ff9f560d48f1128a44e09af3d19506)] -> xpath: //a[@id= 'loginButton']]
Clicked on: [[ChromeDriver: chrome on WINDOWS (55ff9f560d48f1128a44e09af3d19506)] -> xpath: //a[@id= 'loginButton']]
Trying to find Element By : By.xpath: //a[@class="content tasks"]
Found Element By : By.xpath: //a[@class="content tasks"]
Trying to click on: [[ChromeDriver: chrome on WINDOWS (55ff9f560d48f1128a44e09af3d19506)] -> xpath: //a[@class="content tasks"]]
Clicked on: [[ChromeDriver: chrome on WINDOWS (55ff9f560d48f1128a44e09af3d19506)] -> xpath: //a[@class="content tasks"]]
Trying to find Element By : By.xpath: //*[@id="gettingStartedShortcutsMenuCloseId"]
Found Element By : By.xpath: //*[@id="gettingStartedShortcutsMenuCloseId"]
Trying to click on: [[ChromeDriver: chrome on WINDOWS (55ff9f560d48f1128a44e09af3d19506)] -> xpath: //*[@id="gettingStartedShortcutsMenuCloseId"]]
Clicked on: [[ChromeDriver: chrome on WINDOWS (55ff9f560d48f1128a44e09af3d19506)] -> xpath: //*[@id="gettingStartedShortcutsMenuCloseId"]]
Trying to find Element By : By.xpath: //*[text()="Add New Task"]
Found Element By : By.xpath: //*[text()="Add New Task"]
Trying to click on: [[ChromeDriver: chrome on WINDOWS (55ff9f560d48f1128a44e09af3d19506)] -> xpath: //*[text()="Add New Task"]]
Clicked on: [[ChromeDriver: chrome on WINDOWS (55ff9f560d48f1128a44e09af3d19506)] -> xpath: //*[text()="Add New Task"]]
Trying to find Element By : By.xpath: //*[@class="item createNewTask ellipsis"]
Found Element By : By.xpath: //*[@class="item createNewTask ellipsis"]
Trying to click on: [[ChromeDriver: chrome on WINDOWS (55ff9f560d48f1128a44e09af3d19506)] -> xpath: //*[@class="item createNewTask ellipsis"]]
Clicked on: [[ChromeDriver: chrome on WINDOWS (55ff9f560d48f1128a44e09af3d19506)] -> xpath: //*[@class="item createNewTask ellipsis"]]
Trying to find Element By : By.xpath: //*[@id="ext-gen598"]
]]></system-out>
    <system-err><![CDATA[Starting ChromeDriver 83.0.4103.39 (ccbf011cb2d2b19b506d844400483861342c20cd-refs/branch-heads/4103@{#416}) on port 32069
Only local connections are allowed.
Please see https://chromedriver.chromium.org/security-considerations for suggestions on keeping ChromeDriver safe.
ChromeDriver was started successfully.
Jul 14, 2020 11:42:16 AM org.openqa.selenium.remote.ProtocolHandshake createSession
INFO: Detected dialect: W3C
]]></system-err>
  </testcase>
  <testcase name="LagoutTest" classname="com.acti.aq.testcasess.HomePageTest" time="0">
    <skipped message="org.openqa.selenium.support.events.EventFiringWebDriver cannot be cast to org.testng.ITestResult"/>
  </testcase>
  <testcase name="loginTest" classname="com.acti.aq.testcasess.LoginPageTest" time="0.74"/>
  <testcase name="LagoutTest" classname="com.acti.aq.testcasess.TaskPageTest" time="0.825"/>
</testsuite>